{"/home/travis/build/npmtest/node-npmtest-cordova.plugins.diagnostic/test.js":{"path":"/home/travis/build/npmtest/node-npmtest-cordova.plugins.diagnostic/test.js","s":{"1":2,"2":2,"3":2,"4":2,"5":2,"6":2,"7":2,"8":1,"9":2,"10":2,"11":1,"12":1,"13":1,"14":1,"15":2,"16":2,"17":2,"18":2,"19":1,"20":1,"21":2,"22":2,"23":2,"24":1,"25":1,"26":1,"27":1,"28":1,"29":1,"30":1,"31":1,"32":1,"33":1,"34":1,"35":1,"36":1,"37":1,"38":1,"39":2,"40":2,"41":1,"42":2,"43":2,"44":1,"45":2,"46":2,"47":1,"48":2,"49":2,"50":1,"51":1,"52":1,"53":1,"54":1},"b":{"1":[2,1,1,1],"2":[1,1,1,1],"3":[1,1],"4":[1,1],"5":[1,1],"6":[1,1],"7":[1,1],"8":[1,1],"9":[1,1],"10":[1,1,1],"11":[1,1],"12":[1,1],"13":[1,1],"14":[1,1],"15":[1,1],"16":[1,1],"17":[1,1]},"f":{"1":2,"2":2,"3":2,"4":2,"5":2,"6":1,"7":1,"8":1,"9":2,"10":2,"11":2,"12":2,"13":1},"fnMap":{"1":{"name":"(anonymous_1)","line":12,"loc":{"start":{"line":12,"column":1},"end":{"line":12,"column":13}}},"2":{"name":"(anonymous_2)","line":19,"loc":{"start":{"line":19,"column":5},"end":{"line":19,"column":17}}},"3":{"name":"(anonymous_3)","line":23,"loc":{"start":{"line":23,"column":24},"end":{"line":23,"column":36}}},"4":{"name":"(anonymous_4)","line":61,"loc":{"start":{"line":61,"column":5},"end":{"line":61,"column":17}}},"5":{"name":"(anonymous_5)","line":82,"loc":{"start":{"line":82,"column":5},"end":{"line":82,"column":17}}},"6":{"name":"(anonymous_6)","line":91,"loc":{"start":{"line":91,"column":77},"end":{"line":94,"column":10}}},"7":{"name":"(anonymous_7)","line":112,"loc":{"start":{"line":112,"column":83},"end":{"line":115,"column":10}},"skip":true},"8":{"name":"(anonymous_8)","line":123,"loc":{"start":{"line":123,"column":77},"end":{"line":126,"column":10}},"skip":true},"9":{"name":"(anonymous_9)","line":139,"loc":{"start":{"line":139,"column":12},"end":{"line":139,"column":40}},"skip":true},"10":{"name":"(anonymous_10)","line":147,"loc":{"start":{"line":147,"column":77},"end":{"line":150,"column":10}},"skip":true},"11":{"name":"(anonymous_11)","line":158,"loc":{"start":{"line":158,"column":83},"end":{"line":161,"column":10}},"skip":true},"12":{"name":"(anonymous_12)","line":169,"loc":{"start":{"line":169,"column":79},"end":{"line":172,"column":10}},"skip":true},"13":{"name":"(anonymous_13)","line":180,"loc":{"start":{"line":180,"column":75},"end":{"line":183,"column":10}},"skip":true}},"statementMap":{"1":{"start":{"line":12,"column":0},"end":{"line":195,"column":5}},"2":{"start":{"line":14,"column":4},"end":{"line":14,"column":14}},"3":{"start":{"line":19,"column":4},"end":{"line":56,"column":9}},"4":{"start":{"line":21,"column":8},"end":{"line":21,"column":19}},"5":{"start":{"line":23,"column":8},"end":{"line":35,"column":13}},"6":{"start":{"line":24,"column":12},"end":{"line":34,"column":13}},"7":{"start":{"line":25,"column":16},"end":{"line":28,"column":30}},"8":{"start":{"line":30,"column":16},"end":{"line":33,"column":27}},"9":{"start":{"line":37,"column":8},"end":{"line":39,"column":21}},"10":{"start":{"line":40,"column":8},"end":{"line":53,"column":9}},"11":{"start":{"line":43,"column":12},"end":{"line":46,"column":14}},"12":{"start":{"line":47,"column":12},"end":{"line":47,"column":18}},"13":{"start":{"line":50,"column":12},"end":{"line":51,"column":33}},"14":{"start":{"line":52,"column":12},"end":{"line":52,"column":18}},"15":{"start":{"line":55,"column":8},"end":{"line":55,"column":35}},"16":{"start":{"line":61,"column":4},"end":{"line":63,"column":9}},"17":{"start":{"line":62,"column":8},"end":{"line":62,"column":15}},"18":{"start":{"line":64,"column":4},"end":{"line":77,"column":5}},"19":{"start":{"line":70,"column":8},"end":{"line":70,"column":14}},"20":{"start":{"line":76,"column":8},"end":{"line":76,"column":14}},"21":{"start":{"line":82,"column":4},"end":{"line":84,"column":9}},"22":{"start":{"line":83,"column":8},"end":{"line":83,"column":15}},"23":{"start":{"line":85,"column":4},"end":{"line":194,"column":5}},"24":{"start":{"line":91,"column":8},"end":{"line":99,"column":10}},"25":{"start":{"line":98,"column":12},"end":{"line":98,"column":35}},"26":{"start":{"line":102,"column":8},"end":{"line":104,"column":63}},"27":{"start":{"line":105,"column":8},"end":{"line":105,"column":14}},"28":{"start":{"line":112,"column":8},"end":{"line":121,"column":10},"skip":true},"29":{"start":{"line":119,"column":12},"end":{"line":119,"column":55},"skip":true},"30":{"start":{"line":120,"column":12},"end":{"line":120,"column":48},"skip":true},"31":{"start":{"line":123,"column":8},"end":{"line":136,"column":10},"skip":true},"32":{"start":{"line":130,"column":12},"end":{"line":130,"column":76},"skip":true},"33":{"start":{"line":131,"column":12},"end":{"line":131,"column":73},"skip":true},"34":{"start":{"line":132,"column":12},"end":{"line":132,"column":74},"skip":true},"35":{"start":{"line":133,"column":12},"end":{"line":133,"column":79},"skip":true},"36":{"start":{"line":134,"column":12},"end":{"line":134,"column":25},"skip":true},"37":{"start":{"line":135,"column":12},"end":{"line":135,"column":45},"skip":true},"38":{"start":{"line":138,"column":8},"end":{"line":145,"column":14},"skip":true},"39":{"start":{"line":143,"column":16},"end":{"line":143,"column":29},"skip":true},"40":{"start":{"line":144,"column":16},"end":{"line":144,"column":55},"skip":true},"41":{"start":{"line":147,"column":8},"end":{"line":156,"column":10},"skip":true},"42":{"start":{"line":154,"column":12},"end":{"line":154,"column":25},"skip":true},"43":{"start":{"line":155,"column":12},"end":{"line":155,"column":45},"skip":true},"44":{"start":{"line":158,"column":8},"end":{"line":167,"column":10},"skip":true},"45":{"start":{"line":165,"column":12},"end":{"line":165,"column":25},"skip":true},"46":{"start":{"line":166,"column":12},"end":{"line":166,"column":48},"skip":true},"47":{"start":{"line":169,"column":8},"end":{"line":178,"column":10},"skip":true},"48":{"start":{"line":176,"column":12},"end":{"line":176,"column":25},"skip":true},"49":{"start":{"line":177,"column":12},"end":{"line":177,"column":46},"skip":true},"50":{"start":{"line":180,"column":8},"end":{"line":189,"column":10},"skip":true},"51":{"start":{"line":187,"column":12},"end":{"line":187,"column":94},"skip":true},"52":{"start":{"line":188,"column":12},"end":{"line":188,"column":48},"skip":true},"53":{"start":{"line":192,"column":8},"end":{"line":192,"column":35},"skip":true},"54":{"start":{"line":193,"column":8},"end":{"line":193,"column":14},"skip":true}},"branchMap":{"1":{"line":25,"type":"binary-expr","locations":[{"start":{"line":25,"column":23},"end":{"line":25,"column":62}},{"start":{"line":26,"column":20},"end":{"line":26,"column":70}},{"start":{"line":27,"column":20},"end":{"line":27,"column":71}},{"start":{"line":28,"column":20},"end":{"line":28,"column":29}}]},"2":{"line":30,"type":"binary-expr","locations":[{"start":{"line":30,"column":23},"end":{"line":30,"column":37}},{"start":{"line":31,"column":20},"end":{"line":31,"column":61}},{"start":{"line":32,"column":20},"end":{"line":32,"column":70}},{"start":{"line":33,"column":20},"end":{"line":33,"column":26}}]},"3":{"line":37,"type":"cond-expr","locations":[{"start":{"line":38,"column":14},"end":{"line":38,"column":20}},{"start":{"line":39,"column":14},"end":{"line":39,"column":20}}]},"4":{"line":40,"type":"switch","locations":[{"start":{"line":42,"column":8},"end":{"line":47,"column":18}},{"start":{"line":49,"column":8},"end":{"line":52,"column":18}}]},"5":{"line":44,"type":"binary-expr","locations":[{"start":{"line":44,"column":16},"end":{"line":44,"column":44}},{"start":{"line":44,"column":48},"end":{"line":44,"column":66}}]},"6":{"line":50,"type":"binary-expr","locations":[{"start":{"line":50,"column":21},"end":{"line":50,"column":49}},{"start":{"line":50,"column":53},"end":{"line":50,"column":72}}]},"7":{"line":64,"type":"switch","locations":[{"start":{"line":69,"column":4},"end":{"line":70,"column":14}},{"start":{"line":75,"column":4},"end":{"line":76,"column":14}}]},"8":{"line":85,"type":"switch","locations":[{"start":{"line":90,"column":4},"end":{"line":105,"column":14}},{"start":{"line":111,"column":4},"end":{"line":193,"column":14},"skip":true}]},"9":{"line":91,"type":"binary-expr","locations":[{"start":{"line":91,"column":42},"end":{"line":91,"column":73}},{"start":{"line":91,"column":77},"end":{"line":99,"column":9}}]},"10":{"line":102,"type":"binary-expr","locations":[{"start":{"line":102,"column":18},"end":{"line":102,"column":32}},{"start":{"line":103,"column":12},"end":{"line":103,"column":53}},{"start":{"line":104,"column":12},"end":{"line":104,"column":61}}]},"11":{"line":112,"type":"binary-expr","locations":[{"start":{"line":112,"column":45},"end":{"line":112,"column":79},"skip":true},{"start":{"line":112,"column":83},"end":{"line":121,"column":9},"skip":true}]},"12":{"line":123,"type":"binary-expr","locations":[{"start":{"line":123,"column":42},"end":{"line":123,"column":73},"skip":true},{"start":{"line":123,"column":77},"end":{"line":136,"column":9},"skip":true}]},"13":{"line":138,"type":"binary-expr","locations":[{"start":{"line":138,"column":48},"end":{"line":138,"column":85},"skip":true},{"start":{"line":139,"column":12},"end":{"line":145,"column":13},"skip":true}]},"14":{"line":147,"type":"binary-expr","locations":[{"start":{"line":147,"column":42},"end":{"line":147,"column":73},"skip":true},{"start":{"line":147,"column":77},"end":{"line":156,"column":9},"skip":true}]},"15":{"line":158,"type":"binary-expr","locations":[{"start":{"line":158,"column":45},"end":{"line":158,"column":79},"skip":true},{"start":{"line":158,"column":83},"end":{"line":167,"column":9},"skip":true}]},"16":{"line":169,"type":"binary-expr","locations":[{"start":{"line":169,"column":43},"end":{"line":169,"column":75},"skip":true},{"start":{"line":169,"column":79},"end":{"line":178,"column":9},"skip":true}]},"17":{"line":180,"type":"binary-expr","locations":[{"start":{"line":180,"column":41},"end":{"line":180,"column":71},"skip":true},{"start":{"line":180,"column":75},"end":{"line":189,"column":9},"skip":true}]}},"code":["/* istanbul instrument in package npmtest_cordova_plugins_diagnostic */","/*jslint","    bitwise: true,","    browser: true,","    maxerr: 8,","    maxlen: 96,","    node: true,","    nomen: true,","    regexp: true,","    stupid: true","*/","(function () {","    'use strict';","    var local;","","","","    // run shared js-env code - init-before","    (function () {","        // init local","        local = {};","        // init modeJs","        local.modeJs = (function () {","            try {","                return typeof navigator.userAgent === 'string' &&","                    typeof document.querySelector('body') === 'object' &&","                    typeof XMLHttpRequest.prototype.open === 'function' &&","                    'browser';","            } catch (errorCaughtBrowser) {","                return module.exports &&","                    typeof process.versions.node === 'string' &&","                    typeof require('http').createServer === 'function' &&","                    'node';","            }","        }());","        // init global","        local.global = local.modeJs === 'browser'","            ? window","            : global;","        switch (local.modeJs) {","        // re-init local from window.local","        case 'browser':","            local = local.global.utility2.objectSetDefault(","                local.global.utility2_rollup || local.global.local,","                local.global.utility2","            );","            break;","        // re-init local from example.js","        case 'node':","            local = (local.global.utility2_rollup || require('utility2'))","                .requireReadme();","            break;","        }","        // export local","        local.global.local = local;","    }());","","","","    // run shared js-env code - function","    (function () {","        return;","    }());","    switch (local.modeJs) {","","","","    // run browser js-env code - function","    case 'browser':","        break;","","","","    // run node js-env code - function","    case 'node':","        break;","    }","","","","    // run shared js-env code - init-after","    (function () {","        return;","    }());","    switch (local.modeJs) {","","","","    // run browser js-env code - init-after","    case 'browser':","        local.testCase_browser_nullCase = local.testCase_browser_nullCase || function (","            options,","            onError","        ) {","        /*","         * this function will test browsers's null-case handling-behavior-behavior","         */","            onError(null, options);","        };","","        // run tests","        local.nop(local.modeTest &&","            document.querySelector('#testRunButton1') &&","            document.querySelector('#testRunButton1').click());","        break;","","","","    // run node js-env code - init-after","    /* istanbul ignore next */","    case 'node':","        local.testCase_buildApidoc_default = local.testCase_buildApidoc_default || function (","            options,","            onError","        ) {","        /*","         * this function will test buildApidoc's default handling-behavior-behavior","         */","            options = { modulePathList: module.paths };","            local.buildApidoc(options, onError);","        };","","        local.testCase_buildApp_default = local.testCase_buildApp_default || function (","            options,","            onError","        ) {","        /*","         * this function will test buildApp's default handling-behavior-behavior","         */","            local.testCase_buildReadme_default(options, local.onErrorThrow);","            local.testCase_buildLib_default(options, local.onErrorThrow);","            local.testCase_buildTest_default(options, local.onErrorThrow);","            local.testCase_buildCustomOrg_default(options, local.onErrorThrow);","            options = [];","            local.buildApp(options, onError);","        };","","        local.testCase_buildCustomOrg_default = local.testCase_buildCustomOrg_default ||","            function (options, onError) {","            /*","             * this function will test buildCustomOrg's default handling-behavior","             */","                options = {};","                local.buildCustomOrg(options, onError);","            };","","        local.testCase_buildLib_default = local.testCase_buildLib_default || function (","            options,","            onError","        ) {","        /*","         * this function will test buildLib's default handling-behavior","         */","            options = {};","            local.buildLib(options, onError);","        };","","        local.testCase_buildReadme_default = local.testCase_buildReadme_default || function (","            options,","            onError","        ) {","        /*","         * this function will test buildReadme's default handling-behavior-behavior","         */","            options = {};","            local.buildReadme(options, onError);","        };","","        local.testCase_buildTest_default = local.testCase_buildTest_default || function (","            options,","            onError","        ) {","        /*","         * this function will test buildTest's default handling-behavior","         */","            options = {};","            local.buildTest(options, onError);","        };","","        local.testCase_webpage_default = local.testCase_webpage_default || function (","            options,","            onError","        ) {","        /*","         * this function will test webpage's default handling-behavior","         */","            options = { modeCoverageMerge: true, url: local.serverLocalHost + '?modeTest=1' };","            local.browserTest(options, onError);","        };","","        // run test-server","        local.testRunServer(local);","        break;","    }","}());",""],"l":{"12":2,"14":2,"19":2,"21":2,"23":2,"24":2,"25":2,"30":1,"37":2,"40":2,"43":1,"47":1,"50":1,"52":1,"55":2,"61":2,"62":2,"64":2,"70":1,"76":1,"82":2,"83":2,"85":2,"91":1,"98":1,"102":1,"105":1,"112":1,"119":1,"120":1,"123":1,"130":1,"131":1,"132":1,"133":1,"134":1,"135":1,"138":1,"143":2,"144":2,"147":1,"154":2,"155":2,"158":1,"165":2,"166":2,"169":1,"176":2,"177":2,"180":1,"187":1,"188":1,"192":1,"193":1}},"/home/travis/build/npmtest/node-npmtest-cordova.plugins.diagnostic/lib.npmtest_cordova.plugins.diagnostic.js":{"path":"/home/travis/build/npmtest/node-npmtest-cordova.plugins.diagnostic/lib.npmtest_cordova.plugins.diagnostic.js","s":{"1":2,"2":2,"3":2,"4":2,"5":2,"6":2,"7":2,"8":1,"9":2,"10":2,"11":2,"12":2,"13":1,"14":1,"15":1,"16":1},"b":{"1":[2,1,1,1],"2":[1,1,1,1],"3":[1,1],"4":[2,2],"5":[1,1]},"f":{"1":2,"2":2,"3":2},"fnMap":{"1":{"name":"(anonymous_1)","line":12,"loc":{"start":{"line":12,"column":1},"end":{"line":12,"column":13}}},"2":{"name":"(anonymous_2)","line":19,"loc":{"start":{"line":19,"column":5},"end":{"line":19,"column":17}}},"3":{"name":"(anonymous_3)","line":23,"loc":{"start":{"line":23,"column":24},"end":{"line":23,"column":36}}}},"statementMap":{"1":{"start":{"line":12,"column":0},"end":{"line":53,"column":5}},"2":{"start":{"line":14,"column":4},"end":{"line":14,"column":14}},"3":{"start":{"line":19,"column":4},"end":{"line":52,"column":9}},"4":{"start":{"line":21,"column":8},"end":{"line":21,"column":19}},"5":{"start":{"line":23,"column":8},"end":{"line":35,"column":13}},"6":{"start":{"line":24,"column":12},"end":{"line":34,"column":13}},"7":{"start":{"line":25,"column":16},"end":{"line":28,"column":30}},"8":{"start":{"line":30,"column":16},"end":{"line":33,"column":27}},"9":{"start":{"line":37,"column":8},"end":{"line":39,"column":21}},"10":{"start":{"line":41,"column":8},"end":{"line":41,"column":54}},"11":{"start":{"line":43,"column":8},"end":{"line":43,"column":71}},"12":{"start":{"line":45,"column":8},"end":{"line":51,"column":9}},"13":{"start":{"line":46,"column":12},"end":{"line":46,"column":77}},"14":{"start":{"line":48,"column":12},"end":{"line":48,"column":35}},"15":{"start":{"line":49,"column":12},"end":{"line":49,"column":49}},"16":{"start":{"line":50,"column":12},"end":{"line":50,"column":43}}},"branchMap":{"1":{"line":25,"type":"binary-expr","locations":[{"start":{"line":25,"column":23},"end":{"line":25,"column":62}},{"start":{"line":26,"column":20},"end":{"line":26,"column":70}},{"start":{"line":27,"column":20},"end":{"line":27,"column":71}},{"start":{"line":28,"column":20},"end":{"line":28,"column":29}}]},"2":{"line":30,"type":"binary-expr","locations":[{"start":{"line":30,"column":23},"end":{"line":30,"column":37}},{"start":{"line":31,"column":20},"end":{"line":31,"column":61}},{"start":{"line":32,"column":20},"end":{"line":32,"column":70}},{"start":{"line":33,"column":20},"end":{"line":33,"column":26}}]},"3":{"line":37,"type":"cond-expr","locations":[{"start":{"line":38,"column":14},"end":{"line":38,"column":20}},{"start":{"line":39,"column":14},"end":{"line":39,"column":20}}]},"4":{"line":41,"type":"binary-expr","locations":[{"start":{"line":41,"column":16},"end":{"line":41,"column":44}},{"start":{"line":41,"column":48},"end":{"line":41,"column":53}}]},"5":{"line":45,"type":"if","locations":[{"start":{"line":45,"column":8},"end":{"line":45,"column":8}},{"start":{"line":45,"column":8},"end":{"line":45,"column":8}}]}},"code":["/* istanbul instrument in package npmtest_cordova_plugins_diagnostic */","/*jslint","    bitwise: true,","    browser: true,","    maxerr: 8,","    maxlen: 96,","    node: true,","    nomen: true,","    regexp: true,","    stupid: true","*/","(function () {","    'use strict';","    var local;","","","","    // run shared js-env code - pre-init","    (function () {","        // init local","        local = {};","        // init modeJs","        local.modeJs = (function () {","            try {","                return typeof navigator.userAgent === 'string' &&","                    typeof document.querySelector('body') === 'object' &&","                    typeof XMLHttpRequest.prototype.open === 'function' &&","                    'browser';","            } catch (errorCaughtBrowser) {","                return module.exports &&","                    typeof process.versions.node === 'string' &&","                    typeof require('http').createServer === 'function' &&","                    'node';","            }","        }());","        // init global","        local.global = local.modeJs === 'browser'","            ? window","            : global;","        // init utility2_rollup","        local = local.global.utility2_rollup || local;","        // init lib","        local.local = local.npmtest_cordova_plugins_diagnostic = local;","        // init exports","        if (local.modeJs === 'browser') {","            local.global.utility2_npmtest_cordova_plugins_diagnostic = local;","        } else {","            module.exports = local;","            module.exports.__dirname = __dirname;","            module.exports.module = module;","        }","    }());","}());",""],"l":{"12":2,"14":2,"19":2,"21":2,"23":2,"24":2,"25":2,"30":1,"37":2,"41":2,"43":2,"45":2,"46":1,"48":1,"49":1,"50":1}},"/home/travis/build/npmtest/node-npmtest-cordova.plugins.diagnostic/example.js":{"path":"/home/travis/build/npmtest/node-npmtest-cordova.plugins.diagnostic/example.js","s":{"1":2,"2":2,"3":2,"4":2,"5":2,"6":2,"7":2,"8":1,"9":2,"10":2,"11":2,"12":2,"13":1,"14":2,"15":2,"16":2,"17":2,"18":2,"19":0,"20":2,"21":1,"22":1,"23":1,"24":1,"25":1,"26":0,"27":0,"28":1,"29":1,"30":2,"31":0,"32":0,"33":0,"34":1,"35":2,"36":2,"37":3,"38":3,"39":3,"40":3,"41":0,"42":3,"43":3,"44":3,"45":1,"46":3,"47":1,"48":1,"49":1,"50":1,"51":1,"52":1,"53":1,"54":1,"55":1,"56":1,"57":0,"58":1,"59":6,"60":6,"61":1,"62":2,"63":0,"64":2,"65":1,"66":1,"67":0,"68":0,"69":0,"70":0,"71":0,"72":0,"73":0,"74":0,"75":0,"76":0,"77":0,"78":0,"79":0,"80":0,"81":0,"82":0,"83":0},"b":{"1":[2,1,1,1],"2":[1,1,1,1],"3":[1,1],"4":[2,2],"5":[1,1],"6":[1,1],"7":[2,0],"8":[2,1,1,1,1,1],"9":[0,2,0],"10":[1,1],"11":[2,1,1],"12":[1,0],"13":[0,2],"14":[2,0,0,0,0,0,0],"15":[0,3],"16":[3,0],"17":[1,1],"18":[0,1],"19":[1,2,0,2],"20":[1,0],"21":[1,1],"22":[0,0],"23":[0,0],"24":[0,0],"25":[0,0],"26":[0,0],"27":[0,0],"28":[0,0]},"f":{"1":2,"2":2,"3":2,"4":2,"5":2,"6":2,"7":3,"8":3,"9":3,"10":1,"11":6,"12":0},"fnMap":{"1":{"name":"(anonymous_1)","line":26,"loc":{"start":{"line":26,"column":1},"end":{"line":26,"column":13}}},"2":{"name":"(anonymous_2)","line":33,"loc":{"start":{"line":33,"column":5},"end":{"line":33,"column":17}}},"3":{"name":"(anonymous_3)","line":37,"loc":{"start":{"line":37,"column":24},"end":{"line":37,"column":36}}},"4":{"name":"(anonymous_4)","line":69,"loc":{"start":{"line":69,"column":31},"end":{"line":69,"column":48}},"skip":true},"5":{"name":"(anonymous_5)","line":78,"loc":{"start":{"line":78,"column":26},"end":{"line":78,"column":45}},"skip":true},"6":{"name":"(anonymous_6)","line":123,"loc":{"start":{"line":123,"column":33},"end":{"line":123,"column":48}},"skip":true},"7":{"name":"(anonymous_7)","line":125,"loc":{"start":{"line":125,"column":27},"end":{"line":125,"column":39}},"skip":true},"8":{"name":"(anonymous_8)","line":133,"loc":{"start":{"line":133,"column":59},"end":{"line":133,"column":74}},"skip":true},"9":{"name":"(anonymous_9)","line":143,"loc":{"start":{"line":143,"column":45},"end":{"line":143,"column":62}},"skip":true},"10":{"name":"(anonymous_10)","line":144,"loc":{"start":{"line":144,"column":73},"end":{"line":144,"column":92}},"skip":true},"11":{"name":"(anonymous_11)","line":272,"loc":{"start":{"line":272,"column":51},"end":{"line":272,"column":77}},"skip":true},"12":{"name":"(anonymous_12)","line":315,"loc":{"start":{"line":315,"column":32},"end":{"line":315,"column":61}},"skip":true}},"statementMap":{"1":{"start":{"line":26,"column":0},"end":{"line":326,"column":5}},"2":{"start":{"line":28,"column":4},"end":{"line":28,"column":14}},"3":{"start":{"line":33,"column":4},"end":{"line":60,"column":9}},"4":{"start":{"line":35,"column":8},"end":{"line":35,"column":19}},"5":{"start":{"line":37,"column":8},"end":{"line":49,"column":13}},"6":{"start":{"line":38,"column":12},"end":{"line":48,"column":13}},"7":{"start":{"line":39,"column":16},"end":{"line":42,"column":30}},"8":{"start":{"line":44,"column":16},"end":{"line":47,"column":27}},"9":{"start":{"line":51,"column":8},"end":{"line":53,"column":21}},"10":{"start":{"line":55,"column":8},"end":{"line":57,"column":45}},"11":{"start":{"line":59,"column":8},"end":{"line":59,"column":35}},"12":{"start":{"line":61,"column":4},"end":{"line":325,"column":5}},"13":{"start":{"line":69,"column":8},"end":{"line":121,"column":10},"skip":true},"14":{"start":{"line":70,"column":12},"end":{"line":88,"column":13},"skip":true},"15":{"start":{"line":76,"column":16},"end":{"line":87,"column":19},"skip":true},"16":{"start":{"line":79,"column":20},"end":{"line":86,"column":21},"skip":true},"17":{"start":{"line":82,"column":24},"end":{"line":82,"column":43},"skip":true},"18":{"start":{"line":83,"column":24},"end":{"line":83,"column":30},"skip":true},"19":{"start":{"line":85,"column":24},"end":{"line":85,"column":49},"skip":true},"20":{"start":{"line":89,"column":12},"end":{"line":107,"column":13},"skip":true},"21":{"start":{"line":92,"column":16},"end":{"line":102,"column":17},"skip":true},"22":{"start":{"line":93,"column":20},"end":{"line":93,"column":86},"skip":true},"23":{"start":{"line":94,"column":20},"end":{"line":95,"column":45},"skip":true},"24":{"start":{"line":96,"column":20},"end":{"line":96,"column":42},"skip":true},"25":{"start":{"line":97,"column":20},"end":{"line":97,"column":48},"skip":true},"26":{"start":{"line":100,"column":20},"end":{"line":100,"column":85},"skip":true},"27":{"start":{"line":101,"column":20},"end":{"line":101,"column":96},"skip":true},"28":{"start":{"line":103,"column":16},"end":{"line":103,"column":22},"skip":true},"29":{"start":{"line":106,"column":16},"end":{"line":106,"column":22},"skip":true},"30":{"start":{"line":108,"column":12},"end":{"line":120,"column":13},"skip":true},"31":{"start":{"line":114,"column":16},"end":{"line":119,"column":17},"skip":true},"32":{"start":{"line":116,"column":20},"end":{"line":116,"column":78},"skip":true},"33":{"start":{"line":118,"column":20},"end":{"line":118,"column":47},"skip":true},"34":{"start":{"line":123,"column":8},"end":{"line":141,"column":11},"skip":true},"35":{"start":{"line":124,"column":12},"end":{"line":124,"column":54},"skip":true},"36":{"start":{"line":125,"column":12},"end":{"line":140,"column":14},"skip":true},"37":{"start":{"line":126,"column":16},"end":{"line":126,"column":28},"skip":true},"38":{"start":{"line":127,"column":16},"end":{"line":127,"column":69},"skip":true},"39":{"start":{"line":128,"column":16},"end":{"line":128,"column":75},"skip":true},"40":{"start":{"line":129,"column":16},"end":{"line":131,"column":17},"skip":true},"41":{"start":{"line":130,"column":20},"end":{"line":130,"column":27},"skip":true},"42":{"start":{"line":133,"column":16},"end":{"line":137,"column":36},"skip":true},"43":{"start":{"line":134,"column":20},"end":{"line":136,"column":55},"skip":true},"44":{"start":{"line":139,"column":16},"end":{"line":139,"column":57},"skip":true},"45":{"start":{"line":143,"column":8},"end":{"line":147,"column":11},"skip":true},"46":{"start":{"line":144,"column":12},"end":{"line":146,"column":15},"skip":true},"47":{"start":{"line":145,"column":16},"end":{"line":145,"column":70},"skip":true},"48":{"start":{"line":149,"column":8},"end":{"line":149,"column":31},"skip":true},"49":{"start":{"line":150,"column":8},"end":{"line":150,"column":14},"skip":true},"50":{"start":{"line":158,"column":8},"end":{"line":158,"column":31},"skip":true},"51":{"start":{"line":160,"column":8},"end":{"line":160,"column":33},"skip":true},"52":{"start":{"line":161,"column":8},"end":{"line":161,"column":37},"skip":true},"53":{"start":{"line":162,"column":8},"end":{"line":162,"column":35},"skip":true},"54":{"start":{"line":164,"column":8},"end":{"line":164,"column":50},"skip":true},"55":{"start":{"line":166,"column":8},"end":{"line":256,"column":2},"skip":true},"56":{"start":{"line":258,"column":8},"end":{"line":286,"column":9},"skip":true},"57":{"start":{"line":259,"column":12},"end":{"line":269,"column":14},"skip":true},"58":{"start":{"line":271,"column":12},"end":{"line":285,"column":19},"skip":true},"59":{"start":{"line":274,"column":20},"end":{"line":274,"column":35},"skip":true},"60":{"start":{"line":275,"column":20},"end":{"line":284,"column":21},"skip":true},"61":{"start":{"line":277,"column":24},"end":{"line":277,"column":64},"skip":true},"62":{"start":{"line":279,"column":24},"end":{"line":279,"column":40},"skip":true},"63":{"start":{"line":281,"column":24},"end":{"line":281,"column":40},"skip":true},"64":{"start":{"line":283,"column":24},"end":{"line":283,"column":39},"skip":true},"65":{"start":{"line":288,"column":8},"end":{"line":290,"column":9},"skip":true},"66":{"start":{"line":289,"column":12},"end":{"line":289,"column":18},"skip":true},"67":{"start":{"line":291,"column":8},"end":{"line":293,"column":54},"skip":true},"68":{"start":{"line":296,"column":8},"end":{"line":301,"column":37},"skip":true},"69":{"start":{"line":303,"column":8},"end":{"line":303,"column":82},"skip":true},"70":{"start":{"line":306,"column":8},"end":{"line":308,"column":9},"skip":true},"71":{"start":{"line":307,"column":12},"end":{"line":307,"column":82},"skip":true},"72":{"start":{"line":310,"column":8},"end":{"line":312,"column":9},"skip":true},"73":{"start":{"line":311,"column":12},"end":{"line":311,"column":18},"skip":true},"74":{"start":{"line":313,"column":8},"end":{"line":313,"column":54},"skip":true},"75":{"start":{"line":314,"column":8},"end":{"line":314,"column":69},"skip":true},"76":{"start":{"line":315,"column":8},"end":{"line":323,"column":36},"skip":true},"77":{"start":{"line":316,"column":12},"end":{"line":316,"column":61},"skip":true},"78":{"start":{"line":317,"column":12},"end":{"line":320,"column":13},"skip":true},"79":{"start":{"line":318,"column":16},"end":{"line":318,"column":75},"skip":true},"80":{"start":{"line":319,"column":16},"end":{"line":319,"column":23},"skip":true},"81":{"start":{"line":321,"column":12},"end":{"line":321,"column":38},"skip":true},"82":{"start":{"line":322,"column":12},"end":{"line":322,"column":27},"skip":true},"83":{"start":{"line":324,"column":8},"end":{"line":324,"column":14},"skip":true}},"branchMap":{"1":{"line":39,"type":"binary-expr","locations":[{"start":{"line":39,"column":23},"end":{"line":39,"column":62}},{"start":{"line":40,"column":20},"end":{"line":40,"column":70}},{"start":{"line":41,"column":20},"end":{"line":41,"column":71}},{"start":{"line":42,"column":20},"end":{"line":42,"column":29}}]},"2":{"line":44,"type":"binary-expr","locations":[{"start":{"line":44,"column":23},"end":{"line":44,"column":37}},{"start":{"line":45,"column":20},"end":{"line":45,"column":61}},{"start":{"line":46,"column":20},"end":{"line":46,"column":70}},{"start":{"line":47,"column":20},"end":{"line":47,"column":26}}]},"3":{"line":51,"type":"cond-expr","locations":[{"start":{"line":52,"column":14},"end":{"line":52,"column":20}},{"start":{"line":53,"column":14},"end":{"line":53,"column":20}}]},"4":{"line":55,"type":"binary-expr","locations":[{"start":{"line":55,"column":16},"end":{"line":55,"column":44}},{"start":{"line":55,"column":49},"end":{"line":57,"column":43}}]},"5":{"line":55,"type":"cond-expr","locations":[{"start":{"line":56,"column":14},"end":{"line":56,"column":70}},{"start":{"line":57,"column":14},"end":{"line":57,"column":43}}]},"6":{"line":61,"type":"switch","locations":[{"start":{"line":68,"column":4},"end":{"line":150,"column":14},"skip":true},{"start":{"line":156,"column":4},"end":{"line":324,"column":14},"skip":true}]},"7":{"line":70,"type":"if","locations":[{"start":{"line":70,"column":12},"end":{"line":70,"column":12},"skip":true},{"start":{"line":70,"column":12},"end":{"line":70,"column":12},"skip":true}]},"8":{"line":70,"type":"binary-expr","locations":[{"start":{"line":70,"column":16},"end":{"line":70,"column":22},"skip":true},{"start":{"line":70,"column":27},"end":{"line":70,"column":32},"skip":true},{"start":{"line":71,"column":20},"end":{"line":71,"column":39},"skip":true},{"start":{"line":72,"column":20},"end":{"line":72,"column":49},"skip":true},{"start":{"line":73,"column":20},"end":{"line":73,"column":58},"skip":true},{"start":{"line":74,"column":20},"end":{"line":74,"column":69},"skip":true}]},"9":{"line":79,"type":"switch","locations":[{"start":{"line":80,"column":20},"end":{"line":80,"column":33},"skip":true},{"start":{"line":81,"column":20},"end":{"line":83,"column":30},"skip":true},{"start":{"line":84,"column":20},"end":{"line":85,"column":49},"skip":true}]},"10":{"line":89,"type":"switch","locations":[{"start":{"line":90,"column":12},"end":{"line":103,"column":22},"skip":true},{"start":{"line":105,"column":12},"end":{"line":106,"column":22},"skip":true}]},"11":{"line":89,"type":"binary-expr","locations":[{"start":{"line":89,"column":20},"end":{"line":89,"column":25},"skip":true},{"start":{"line":89,"column":29},"end":{"line":89,"column":48},"skip":true},{"start":{"line":89,"column":52},"end":{"line":89,"column":74},"skip":true}]},"12":{"line":92,"type":"if","locations":[{"start":{"line":92,"column":16},"end":{"line":92,"column":16},"skip":true},{"start":{"line":92,"column":16},"end":{"line":92,"column":16},"skip":true}]},"13":{"line":108,"type":"if","locations":[{"start":{"line":108,"column":12},"end":{"line":108,"column":12},"skip":true},{"start":{"line":108,"column":12},"end":{"line":108,"column":12},"skip":true}]},"14":{"line":108,"type":"binary-expr","locations":[{"start":{"line":108,"column":16},"end":{"line":108,"column":61},"skip":true},{"start":{"line":108,"column":66},"end":{"line":108,"column":72},"skip":true},{"start":{"line":108,"column":77},"end":{"line":108,"column":82},"skip":true},{"start":{"line":109,"column":20},"end":{"line":109,"column":39},"skip":true},{"start":{"line":110,"column":20},"end":{"line":110,"column":49},"skip":true},{"start":{"line":111,"column":20},"end":{"line":111,"column":58},"skip":true},{"start":{"line":112,"column":20},"end":{"line":112,"column":68},"skip":true}]},"15":{"line":129,"type":"if","locations":[{"start":{"line":129,"column":16},"end":{"line":129,"column":16},"skip":true},{"start":{"line":129,"column":16},"end":{"line":129,"column":16},"skip":true}]},"16":{"line":134,"type":"cond-expr","locations":[{"start":{"line":135,"column":26},"end":{"line":135,"column":29},"skip":true},{"start":{"line":136,"column":26},"end":{"line":136,"column":54},"skip":true}]},"17":{"line":164,"type":"binary-expr","locations":[{"start":{"line":164,"column":27},"end":{"line":164,"column":43},"skip":true},{"start":{"line":164,"column":47},"end":{"line":164,"column":49},"skip":true}]},"18":{"line":258,"type":"if","locations":[{"start":{"line":258,"column":8},"end":{"line":258,"column":8},"skip":true},{"start":{"line":258,"column":8},"end":{"line":258,"column":8},"skip":true}]},"19":{"line":275,"type":"switch","locations":[{"start":{"line":276,"column":20},"end":{"line":277,"column":64},"skip":true},{"start":{"line":278,"column":20},"end":{"line":279,"column":40},"skip":true},{"start":{"line":280,"column":20},"end":{"line":281,"column":40},"skip":true},{"start":{"line":282,"column":20},"end":{"line":283,"column":39},"skip":true}]},"20":{"line":288,"type":"if","locations":[{"start":{"line":288,"column":8},"end":{"line":288,"column":8},"skip":true},{"start":{"line":288,"column":8},"end":{"line":288,"column":8},"skip":true}]},"21":{"line":288,"type":"binary-expr","locations":[{"start":{"line":288,"column":12},"end":{"line":288,"column":40},"skip":true},{"start":{"line":288,"column":44},"end":{"line":288,"column":67},"skip":true}]},"22":{"line":292,"type":"binary-expr","locations":[{"start":{"line":292,"column":12},"end":{"line":292,"column":50},"skip":true},{"start":{"line":293,"column":12},"end":{"line":293,"column":53},"skip":true}]},"23":{"line":297,"type":"binary-expr","locations":[{"start":{"line":297,"column":12},"end":{"line":297,"column":84},"skip":true},{"start":{"line":298,"column":12},"end":{"line":301,"column":36},"skip":true}]},"24":{"line":303,"type":"binary-expr","locations":[{"start":{"line":303,"column":43},"end":{"line":303,"column":75},"skip":true},{"start":{"line":303,"column":79},"end":{"line":303,"column":81},"skip":true}]},"25":{"line":306,"type":"if","locations":[{"start":{"line":306,"column":8},"end":{"line":306,"column":8},"skip":true},{"start":{"line":306,"column":8},"end":{"line":306,"column":8},"skip":true}]},"26":{"line":310,"type":"if","locations":[{"start":{"line":310,"column":8},"end":{"line":310,"column":8},"skip":true},{"start":{"line":310,"column":8},"end":{"line":310,"column":8},"skip":true}]},"27":{"line":313,"type":"binary-expr","locations":[{"start":{"line":313,"column":27},"end":{"line":313,"column":43},"skip":true},{"start":{"line":313,"column":47},"end":{"line":313,"column":53},"skip":true}]},"28":{"line":317,"type":"if","locations":[{"start":{"line":317,"column":12},"end":{"line":317,"column":12},"skip":true},{"start":{"line":317,"column":12},"end":{"line":317,"column":12},"skip":true}]}},"code":["/*","example.js","","quickstart example","","instruction","    1. save this script as example.js","    2. run the shell command:","        $ npm install npmtest-cordova.plugins.diagnostic && PORT=8081 node example.js","    3. play with the browser-demo on http://127.0.0.1:8081","*/","","","","/* istanbul instrument in package npmtest_cordova_plugins_diagnostic */","/*jslint","    bitwise: true,","    browser: true,","    maxerr: 8,","    maxlen: 96,","    node: true,","    nomen: true,","    regexp: true,","    stupid: true","*/","(function () {","    'use strict';","    var local;","","","","    // run shared js-env code - init-before","    (function () {","        // init local","        local = {};","        // init modeJs","        local.modeJs = (function () {","            try {","                return typeof navigator.userAgent === 'string' &&","                    typeof document.querySelector('body') === 'object' &&","                    typeof XMLHttpRequest.prototype.open === 'function' &&","                    'browser';","            } catch (errorCaughtBrowser) {","                return module.exports &&","                    typeof process.versions.node === 'string' &&","                    typeof require('http').createServer === 'function' &&","                    'node';","            }","        }());","        // init global","        local.global = local.modeJs === 'browser'","            ? window","            : global;","        // init utility2_rollup","        local = local.global.utility2_rollup || (local.modeJs === 'browser'","            ? local.global.utility2_npmtest_cordova_plugins_diagnostic","            : global.utility2_moduleExports);","        // export local","        local.global.local = local;","    }());","    switch (local.modeJs) {","","","","    // init-after","    // run browser js-env code - init-after","    /* istanbul ignore next */","    case 'browser':","        local.testRunBrowser = function (event) {","            if (!event || (event &&","                    event.currentTarget &&","                    event.currentTarget.className &&","                    event.currentTarget.className.includes &&","                    event.currentTarget.className.includes('onreset'))) {","                // reset output","                Array.from(","                    document.querySelectorAll('body > .resettable')","                ).forEach(function (element) {","                    switch (element.tagName) {","                    case 'INPUT':","                    case 'TEXTAREA':","                        element.value = '';","                        break;","                    default:","                        element.textContent = '';","                    }","                });","            }","            switch (event && event.currentTarget && event.currentTarget.id) {","            case 'testRunButton1':","                // show tests","                if (document.querySelector('#testReportDiv1').style.display === 'none') {","                    document.querySelector('#testReportDiv1').style.display = 'block';","                    document.querySelector('#testRunButton1').textContent =","                        'hide internal test';","                    local.modeTest = true;","                    local.testRunDefault(local);","                // hide tests","                } else {","                    document.querySelector('#testReportDiv1').style.display = 'none';","                    document.querySelector('#testRunButton1').textContent = 'run internal test';","                }","                break;","            // custom-case","            default:","                break;","            }","            if (document.querySelector('#inputTextareaEval1') && (!event || (event &&","                    event.currentTarget &&","                    event.currentTarget.className &&","                    event.currentTarget.className.includes &&","                    event.currentTarget.className.includes('oneval')))) {","                // try to eval input-code","                try {","                    /*jslint evil: true*/","                    eval(document.querySelector('#inputTextareaEval1').value);","                } catch (errorCaught) {","                    console.error(errorCaught);","                }","            }","        };","        // log stderr and stdout to #outputTextareaStdout1","        ['error', 'log'].forEach(function (key) {","            console[key + '_original'] = console[key];","            console[key] = function () {","                var element;","                console[key + '_original'].apply(console, arguments);","                element = document.querySelector('#outputTextareaStdout1');","                if (!element) {","                    return;","                }","                // append text to #outputTextareaStdout1","                element.value += Array.from(arguments).map(function (arg) {","                    return typeof arg === 'string'","                        ? arg","                        : JSON.stringify(arg, null, 4);","                }).join(' ') + '\\n';","                // scroll textarea to bottom","                element.scrollTop = element.scrollHeight;","            };","        });","        // init event-handling","        ['change', 'click', 'keyup'].forEach(function (event) {","            Array.from(document.querySelectorAll('.on' + event)).forEach(function (element) {","                element.addEventListener(event, local.testRunBrowser);","            });","        });","        // run tests","        local.testRunBrowser();","        break;","","","","    // run node js-env code - init-after","    /* istanbul ignore next */","    case 'node':","        // export local","        module.exports = local;","        // require modules","        local.fs = require('fs');","        local.http = require('http');","        local.url = require('url');","        // init assets","        local.assetsDict = local.assetsDict || {};","        /* jslint-ignore-begin */","        local.assetsDict['/assets.index.template.html'] = '\\","<!doctype html>\\n\\","<html lang=\"en\">\\n\\","<head>\\n\\","<meta charset=\"UTF-8\">\\n\\","<meta name=\"viewport\" content=\"width=device-width, initial-scale=1\">\\n\\","<title>{{env.npm_package_name}} (v{{env.npm_package_version}})</title>\\n\\","<style>\\n\\","/*csslint\\n\\","    box-sizing: false,\\n\\","    universal-selector: false\\n\\","*/\\n\\","* {\\n\\","    box-sizing: border-box;\\n\\","}\\n\\","body {\\n\\","    background: #dde;\\n\\","    font-family: Arial, Helvetica, sans-serif;\\n\\","    margin: 2rem;\\n\\","}\\n\\","body > * {\\n\\","    margin-bottom: 1rem;\\n\\","}\\n\\",".utility2FooterDiv {\\n\\","    margin-top: 20px;\\n\\","    text-align: center;\\n\\","}\\n\\","</style>\\n\\","<style>\\n\\","/*csslint\\n\\","*/\\n\\","textarea {\\n\\","    font-family: monospace;\\n\\","    height: 10rem;\\n\\","    width: 100%;\\n\\","}\\n\\","textarea[readonly] {\\n\\","    background: #ddd;\\n\\","}\\n\\","</style>\\n\\","</head>\\n\\","<body>\\n\\","<!-- utility2-comment\\n\\","<div id=\"ajaxProgressDiv1\" style=\"background: #d00; height: 2px; left: 0; margin: 0; padding: 0; position: fixed; top: 0; transition: background 0.5s, width 1.5s; width: 25%;\"></div>\\n\\","utility2-comment -->\\n\\","<h1>\\n\\","<!-- utility2-comment\\n\\","    <a\\n\\","        {{#if env.npm_package_homepage}}\\n\\","        href=\"{{env.npm_package_homepage}}\"\\n\\","        {{/if env.npm_package_homepage}}\\n\\","        target=\"_blank\"\\n\\","    >\\n\\","utility2-comment -->\\n\\","        {{env.npm_package_name}} (v{{env.npm_package_version}})\\n\\","<!-- utility2-comment\\n\\","    </a>\\n\\","utility2-comment -->\\n\\","</h1>\\n\\","<h3>{{env.npm_package_description}}</h3>\\n\\","<!-- utility2-comment\\n\\","<h4><a download href=\"assets.app.js\">download standalone app</a></h4>\\n\\","<button class=\"onclick onreset\" id=\"testRunButton1\">run internal test</button><br>\\n\\","<div id=\"testReportDiv1\" style=\"display: none;\"></div>\\n\\","utility2-comment -->\\n\\","\\n\\","\\n\\","\\n\\","<label>stderr and stdout</label>\\n\\","<textarea class=\"resettable\" id=\"outputTextareaStdout1\" readonly></textarea>\\n\\","<!-- utility2-comment\\n\\","{{#if isRollup}}\\n\\","<script src=\"assets.app.js\"></script>\\n\\","{{#unless isRollup}}\\n\\","utility2-comment -->\\n\\","<script src=\"assets.utility2.rollup.js\"></script>\\n\\","<script src=\"jsonp.utility2._stateInit?callback=window.utility2._stateInit\"></script>\\n\\","<script src=\"assets.npmtest_cordova_plugins_diagnostic.rollup.js\"></script>\\n\\","<script src=\"assets.example.js\"></script>\\n\\","<script src=\"assets.test.js\"></script>\\n\\","<!-- utility2-comment\\n\\","{{/if isRollup}}\\n\\","utility2-comment -->\\n\\","<div class=\"utility2FooterDiv\">\\n\\","    [ this app was created with\\n\\","    <a href=\"https://github.com/kaizhu256/node-utility2\" target=\"_blank\">utility2</a>\\n\\","    ]\\n\\","</div>\\n\\","</body>\\n\\","</html>\\n\\","';","        /* jslint-ignore-end */","        if (local.templateRender) {","            local.assetsDict['/'] = local.templateRender(","                local.assetsDict['/assets.index.template.html'],","                {","                    env: local.objectSetDefault(local.env, {","                        npm_package_description: 'the greatest app in the world!',","                        npm_package_name: 'my-app',","                        npm_package_nameAlias: 'my_app',","                        npm_package_version: '0.0.1'","                    })","                }","            );","        } else {","            local.assetsDict['/'] = local.assetsDict['/assets.index.template.html']","                .replace((/\\{\\{env\\.(\\w+?)\\}\\}/g), function (match0, match1) {","                    // jslint-hack","                    String(match0);","                    switch (match1) {","                    case 'npm_package_description':","                        return 'the greatest app in the world!';","                    case 'npm_package_name':","                        return 'my-app';","                    case 'npm_package_nameAlias':","                        return 'my_app';","                    case 'npm_package_version':","                        return '0.0.1';","                    }","                });","        }","        // run the cli","        if (local.global.utility2_rollup || module !== require.main) {","            break;","        }","        local.assetsDict['/assets.example.js'] =","            local.assetsDict['/assets.example.js'] ||","            local.fs.readFileSync(__filename, 'utf8');","        // bug-workaround - long $npm_package_buildCustomOrg","        /* jslint-ignore-begin */","        local.assetsDict['/assets.npmtest_cordova_plugins_diagnostic.rollup.js'] =","            local.assetsDict['/assets.npmtest_cordova_plugins_diagnostic.rollup.js'] ||","            local.fs.readFileSync(","                local.npmtest_cordova_plugins_diagnostic.__dirname + '/lib.npmtest_cordova_plugins_diagnostic.js',","                'utf8'","            ).replace((/^#!/), '//');","        /* jslint-ignore-end */","        local.assetsDict['/favicon.ico'] = local.assetsDict['/favicon.ico'] || '';","        // if $npm_config_timeout_exit exists,","        // then exit this process after $npm_config_timeout_exit ms","        if (Number(process.env.npm_config_timeout_exit)) {","            setTimeout(process.exit, Number(process.env.npm_config_timeout_exit));","        }","        // start server","        if (local.global.utility2_serverHttp1) {","            break;","        }","        process.env.PORT = process.env.PORT || '8081';","        console.error('server starting on port ' + process.env.PORT);","        local.http.createServer(function (request, response) {","            request.urlParsed = local.url.parse(request.url);","            if (local.assetsDict[request.urlParsed.pathname] !== undefined) {","                response.end(local.assetsDict[request.urlParsed.pathname]);","                return;","            }","            response.statusCode = 404;","            response.end();","        }).listen(process.env.PORT);","        break;","    }","}());",""],"l":{"26":2,"28":2,"33":2,"35":2,"37":2,"38":2,"39":2,"44":1,"51":2,"55":2,"59":2,"61":2,"69":1,"70":2,"76":2,"79":2,"82":2,"83":2,"85":1,"89":2,"92":1,"93":1,"94":1,"96":1,"97":1,"100":1,"101":1,"103":1,"106":1,"108":2,"114":1,"116":1,"118":1,"123":1,"124":2,"125":2,"126":3,"127":3,"128":3,"129":3,"130":1,"133":3,"134":3,"139":3,"143":1,"144":3,"145":1,"149":1,"150":1,"158":1,"160":1,"161":1,"162":1,"164":1,"166":1,"258":1,"259":1,"271":1,"274":6,"275":6,"277":1,"279":2,"281":1,"283":2,"288":1,"289":1,"291":1,"296":1,"303":1,"306":1,"307":1,"310":1,"311":1,"313":1,"314":1,"315":1,"316":1,"317":1,"318":1,"319":1,"321":1,"322":1,"324":1}},"/home/travis/build/npmtest/node-npmtest-cordova.plugins.diagnostic/node_modules/cordova.plugins.diagnostic/src/windows/diagnosticProxy.js":{"path":"/home/travis/build/npmtest/node-npmtest-cordova.plugins.diagnostic/node_modules/cordova.plugins.diagnostic/src/windows/diagnosticProxy.js","s":{"1":2,"2":0,"3":0,"4":0,"5":0,"6":0,"7":0,"8":0,"9":0,"10":0,"11":0,"12":0,"13":0,"14":0,"15":0,"16":0,"17":0,"18":0,"19":0,"20":0,"21":0,"22":0,"23":0,"24":0,"25":0,"26":0,"27":0,"28":0,"29":0,"30":0,"31":0,"32":0,"33":0,"34":0,"35":0,"36":0,"37":0,"38":0,"39":0,"40":0,"41":0,"42":0,"43":1,"44":0,"45":0,"46":0,"47":0,"48":0,"49":0,"50":0,"51":0,"52":0,"53":0,"54":0,"55":0,"56":0,"57":0,"58":0,"59":0,"60":0,"61":0,"62":0,"63":0,"64":0,"65":0,"66":0,"67":0,"68":0,"69":0,"70":0,"71":0,"72":0,"73":0,"74":0,"75":0,"76":0,"77":0,"78":0},"b":{"1":[0,0,0],"2":[0,0],"3":[0,0],"4":[0,0],"5":[0,0],"6":[0,0],"7":[0,0],"8":[0,0,0,0,0],"9":[0,0],"10":[0,0],"11":[0,0],"12":[0,0],"13":[0,0],"14":[0,0]},"f":{"1":0,"2":0,"3":0,"4":0,"5":0,"6":0,"7":0,"8":0,"9":0,"10":0,"11":0,"12":0,"13":0,"14":0,"15":0,"16":0,"17":0,"18":0,"19":0,"20":0,"21":0},"fnMap":{"1":{"name":"(anonymous_1)","line":17,"loc":{"start":{"line":17,"column":25},"end":{"line":17,"column":67}}},"2":{"name":"(anonymous_2)","line":20,"loc":{"start":{"line":20,"column":12},"end":{"line":20,"column":36}}},"3":{"name":"(anonymous_3)","line":39,"loc":{"start":{"line":39,"column":12},"end":{"line":39,"column":29}}},"4":{"name":"(anonymous_4)","line":55,"loc":{"start":{"line":55,"column":20},"end":{"line":55,"column":76}}},"5":{"name":"(anonymous_5)","line":58,"loc":{"start":{"line":58,"column":12},"end":{"line":58,"column":33}}},"6":{"name":"(anonymous_6)","line":70,"loc":{"start":{"line":70,"column":12},"end":{"line":70,"column":29}}},"7":{"name":"(anonymous_7)","line":85,"loc":{"start":{"line":85,"column":23},"end":{"line":85,"column":65}}},"8":{"name":"(anonymous_8)","line":88,"loc":{"start":{"line":88,"column":12},"end":{"line":88,"column":34}}},"9":{"name":"(anonymous_9)","line":98,"loc":{"start":{"line":98,"column":12},"end":{"line":98,"column":29}}},"10":{"name":"(anonymous_10)","line":108,"loc":{"start":{"line":108,"column":30},"end":{"line":108,"column":42}}},"11":{"name":"(anonymous_11)","line":118,"loc":{"start":{"line":118,"column":32},"end":{"line":118,"column":44}}},"12":{"name":"(anonymous_12)","line":128,"loc":{"start":{"line":128,"column":26},"end":{"line":128,"column":38}}},"13":{"name":"(anonymous_13)","line":138,"loc":{"start":{"line":138,"column":31},"end":{"line":138,"column":43}}},"14":{"name":"(anonymous_14)","line":159,"loc":{"start":{"line":159,"column":19},"end":{"line":159,"column":67}}},"15":{"name":"checkRadioAccessError","line":166,"loc":{"start":{"line":166,"column":8},"end":{"line":166,"column":53}}},"16":{"name":"(anonymous_16)","line":189,"loc":{"start":{"line":189,"column":12},"end":{"line":189,"column":33}}},"17":{"name":"(anonymous_17)","line":204,"loc":{"start":{"line":204,"column":20},"end":{"line":204,"column":44}}},"18":{"name":"(anonymous_18)","line":214,"loc":{"start":{"line":214,"column":28},"end":{"line":214,"column":52}}},"19":{"name":"(anonymous_19)","line":221,"loc":{"start":{"line":221,"column":28},"end":{"line":221,"column":45}}},"20":{"name":"(anonymous_20)","line":226,"loc":{"start":{"line":226,"column":20},"end":{"line":226,"column":37}}},"21":{"name":"(anonymous_21)","line":231,"loc":{"start":{"line":231,"column":12},"end":{"line":231,"column":29}}}},"statementMap":{"1":{"start":{"line":6,"column":0},"end":{"line":236,"column":3}},"2":{"start":{"line":19,"column":8},"end":{"line":42,"column":10}},"3":{"start":{"line":21,"column":16},"end":{"line":21,"column":38}},"4":{"start":{"line":22,"column":16},"end":{"line":22,"column":36}},"5":{"start":{"line":23,"column":16},"end":{"line":33,"column":17}},"6":{"start":{"line":25,"column":24},"end":{"line":25,"column":41}},"7":{"start":{"line":26,"column":24},"end":{"line":26,"column":30}},"8":{"start":{"line":28,"column":24},"end":{"line":28,"column":42}},"9":{"start":{"line":29,"column":24},"end":{"line":29,"column":30}},"10":{"start":{"line":31,"column":24},"end":{"line":31,"column":39}},"11":{"start":{"line":32,"column":24},"end":{"line":32,"column":30}},"12":{"start":{"line":34,"column":16},"end":{"line":37,"column":55}},"13":{"start":{"line":35,"column":20},"end":{"line":35,"column":47}},"14":{"start":{"line":37,"column":20},"end":{"line":37,"column":55}},"15":{"start":{"line":40,"column":16},"end":{"line":40,"column":37}},"16":{"start":{"line":57,"column":8},"end":{"line":73,"column":10}},"17":{"start":{"line":59,"column":16},"end":{"line":59,"column":147}},"18":{"start":{"line":60,"column":16},"end":{"line":60,"column":38}},"19":{"start":{"line":61,"column":16},"end":{"line":67,"column":17}},"20":{"start":{"line":62,"column":20},"end":{"line":66,"column":21}},"21":{"start":{"line":64,"column":24},"end":{"line":64,"column":41}},"22":{"start":{"line":65,"column":24},"end":{"line":65,"column":30}},"23":{"start":{"line":68,"column":16},"end":{"line":68,"column":43}},"24":{"start":{"line":71,"column":16},"end":{"line":71,"column":37}},"25":{"start":{"line":87,"column":8},"end":{"line":101,"column":10}},"26":{"start":{"line":89,"column":16},"end":{"line":89,"column":38}},"27":{"start":{"line":90,"column":16},"end":{"line":95,"column":17}},"28":{"start":{"line":91,"column":20},"end":{"line":94,"column":21}},"29":{"start":{"line":92,"column":24},"end":{"line":92,"column":41}},"30":{"start":{"line":93,"column":24},"end":{"line":93,"column":30}},"31":{"start":{"line":96,"column":16},"end":{"line":96,"column":43}},"32":{"start":{"line":99,"column":16},"end":{"line":99,"column":37}},"33":{"start":{"line":110,"column":8},"end":{"line":110,"column":77}},"34":{"start":{"line":111,"column":8},"end":{"line":111,"column":52}},"35":{"start":{"line":120,"column":8},"end":{"line":120,"column":70}},"36":{"start":{"line":121,"column":8},"end":{"line":121,"column":52}},"37":{"start":{"line":130,"column":8},"end":{"line":130,"column":66}},"38":{"start":{"line":131,"column":8},"end":{"line":131,"column":52}},"39":{"start":{"line":145,"column":8},"end":{"line":145,"column":70}},"40":{"start":{"line":146,"column":8},"end":{"line":146,"column":52}},"41":{"start":{"line":161,"column":8},"end":{"line":161,"column":33}},"42":{"start":{"line":162,"column":8},"end":{"line":162,"column":28}},"43":{"start":{"line":166,"column":8},"end":{"line":184,"column":9}},"44":{"start":{"line":167,"column":12},"end":{"line":167,"column":28}},"45":{"start":{"line":168,"column":12},"end":{"line":182,"column":13}},"46":{"start":{"line":170,"column":20},"end":{"line":170,"column":34}},"47":{"start":{"line":171,"column":20},"end":{"line":171,"column":26}},"48":{"start":{"line":173,"column":20},"end":{"line":173,"column":53}},"49":{"start":{"line":174,"column":20},"end":{"line":174,"column":26}},"50":{"start":{"line":176,"column":20},"end":{"line":176,"column":55}},"51":{"start":{"line":177,"column":20},"end":{"line":177,"column":26}},"52":{"start":{"line":180,"column":20},"end":{"line":180,"column":65}},"53":{"start":{"line":181,"column":20},"end":{"line":181,"column":26}},"54":{"start":{"line":183,"column":12},"end":{"line":183,"column":28}},"55":{"start":{"line":187,"column":8},"end":{"line":187,"column":137}},"56":{"start":{"line":188,"column":8},"end":{"line":234,"column":10}},"57":{"start":{"line":190,"column":16},"end":{"line":190,"column":33}},"58":{"start":{"line":191,"column":16},"end":{"line":196,"column":17}},"59":{"start":{"line":192,"column":20},"end":{"line":195,"column":21}},"60":{"start":{"line":193,"column":24},"end":{"line":193,"column":45}},"61":{"start":{"line":194,"column":24},"end":{"line":194,"column":30}},"62":{"start":{"line":197,"column":16},"end":{"line":200,"column":17}},"63":{"start":{"line":198,"column":20},"end":{"line":198,"column":54}},"64":{"start":{"line":199,"column":20},"end":{"line":199,"column":27}},"65":{"start":{"line":203,"column":16},"end":{"line":229,"column":18}},"66":{"start":{"line":205,"column":24},"end":{"line":205,"column":76}},"67":{"start":{"line":206,"column":24},"end":{"line":209,"column":25}},"68":{"start":{"line":207,"column":28},"end":{"line":207,"column":53}},"69":{"start":{"line":208,"column":28},"end":{"line":208,"column":35}},"70":{"start":{"line":212,"column":24},"end":{"line":212,"column":128}},"71":{"start":{"line":213,"column":24},"end":{"line":224,"column":26}},"72":{"start":{"line":215,"column":32},"end":{"line":215,"column":84}},"73":{"start":{"line":216,"column":32},"end":{"line":219,"column":61}},"74":{"start":{"line":217,"column":36},"end":{"line":217,"column":54}},"75":{"start":{"line":219,"column":36},"end":{"line":219,"column":61}},"76":{"start":{"line":222,"column":32},"end":{"line":222,"column":53}},"77":{"start":{"line":227,"column":24},"end":{"line":227,"column":45}},"78":{"start":{"line":232,"column":16},"end":{"line":232,"column":37}}},"branchMap":{"1":{"line":23,"type":"switch","locations":[{"start":{"line":24,"column":20},"end":{"line":26,"column":30}},{"start":{"line":27,"column":20},"end":{"line":29,"column":30}},{"start":{"line":30,"column":20},"end":{"line":32,"column":30}}]},"2":{"line":34,"type":"if","locations":[{"start":{"line":34,"column":16},"end":{"line":34,"column":16}},{"start":{"line":34,"column":16},"end":{"line":34,"column":16}}]},"3":{"line":59,"type":"cond-expr","locations":[{"start":{"line":59,"column":64},"end":{"line":59,"column":106}},{"start":{"line":59,"column":109},"end":{"line":59,"column":146}}]},"4":{"line":62,"type":"if","locations":[{"start":{"line":62,"column":20},"end":{"line":62,"column":20}},{"start":{"line":62,"column":20},"end":{"line":62,"column":20}}]},"5":{"line":62,"type":"binary-expr","locations":[{"start":{"line":62,"column":25},"end":{"line":62,"column":55}},{"start":{"line":63,"column":28},"end":{"line":63,"column":86}}]},"6":{"line":91,"type":"if","locations":[{"start":{"line":91,"column":20},"end":{"line":91,"column":20}},{"start":{"line":91,"column":20},"end":{"line":91,"column":20}}]},"7":{"line":91,"type":"binary-expr","locations":[{"start":{"line":91,"column":25},"end":{"line":91,"column":64}},{"start":{"line":91,"column":70},"end":{"line":91,"column":150}}]},"8":{"line":168,"type":"switch","locations":[{"start":{"line":169,"column":16},"end":{"line":171,"column":26}},{"start":{"line":172,"column":16},"end":{"line":174,"column":26}},{"start":{"line":175,"column":16},"end":{"line":177,"column":26}},{"start":{"line":178,"column":16},"end":{"line":178,"column":74}},{"start":{"line":179,"column":16},"end":{"line":181,"column":26}}]},"9":{"line":187,"type":"cond-expr","locations":[{"start":{"line":187,"column":54},"end":{"line":187,"column":96}},{"start":{"line":187,"column":99},"end":{"line":187,"column":136}}]},"10":{"line":192,"type":"if","locations":[{"start":{"line":192,"column":20},"end":{"line":192,"column":20}},{"start":{"line":192,"column":20},"end":{"line":192,"column":20}}]},"11":{"line":197,"type":"if","locations":[{"start":{"line":197,"column":16},"end":{"line":197,"column":16}},{"start":{"line":197,"column":16},"end":{"line":197,"column":16}}]},"12":{"line":206,"type":"if","locations":[{"start":{"line":206,"column":24},"end":{"line":206,"column":24}},{"start":{"line":206,"column":24},"end":{"line":206,"column":24}}]},"13":{"line":212,"type":"cond-expr","locations":[{"start":{"line":212,"column":51},"end":{"line":212,"column":87}},{"start":{"line":212,"column":90},"end":{"line":212,"column":127}}]},"14":{"line":216,"type":"if","locations":[{"start":{"line":216,"column":32},"end":{"line":216,"column":32}},{"start":{"line":216,"column":32},"end":{"line":216,"column":32}}]}},"code":["/**"," *  Diagnostic plugin for Windows 10 Universal"," *"," *  Copyright (c) 2015 Next Wave Software, Inc.","**/","cordova.commandProxy.add(\"Diagnostic\", {","","    /**","     * Checks if location is enabled.","     *","     * @param {Function} successCallback - The callback which will be called when diagnostic is successful. ","     * This callback function is passed a single boolean parameter with the diagnostic result.","     * @param {Function} errorCallback -  The callback which will be called when diagnostic encounters an error.","     *  This callback function is passed a single string parameter containing the error message.","     */","    // exec(win, fail, 'Diagnostic', 'isLocationAvailable', []);","    isLocationAvailable: function (successCallback, errorCallback) {","","        Windows.Devices.Geolocation.Geolocator.requestAccessAsync().done(","            function (accessStatus) {","                var isEnabled = false;","                var isError = false;","                switch (accessStatus) {","                    case Windows.Devices.Geolocation.GeolocationAccessStatus.allowed:","                        isEnabled = true;","                        break;","                    case Windows.Devices.Geolocation.GeolocationAccessStatus.denied:","                        isEnabled = false;","                        break;","                    case Windows.Devices.Geolocation.GeolocationAccessStatus.unspecified:","                        isError = true;","                        break;","                }","                if (!isError)","                    successCallback(isEnabled);","                else","                    errorCallback(\"Unspecified error\");","            },","            function (error) {","                errorCallback(error);","            }","        );","    },","","    /**","     * Checks if bluetooth/wifi is enabled.","     *","     * @param {Function} successCallback - The callback which will be called when diagnostic is successful. ","     * This callback function is passed a single boolean parameter with the diagnostic result.","     * @param {Function} errorCallback -  The callback which will be called when diagnostic encounters an error.","     *  This callback function is passed a single string parameter containing the error message.","     * @param {String} radioToCheck - \"bluetooth\" or \"wifi\".","     */","    // exec(win, fail, 'Diagnostic', 'isRadioEnabled', [bluetooth/wifi]);","    isRadioEnabled: function (successCallback, errorCallback, radioToCheck) {","","        Windows.Devices.Radios.Radio.getRadiosAsync().done(","            function (radioList) {","                var radioKind = (radioToCheck == \"bluetooth\") ? Windows.Devices.Radios.RadioKind.bluetooth : Windows.Devices.Radios.RadioKind.wiFi;","                var isEnabled = false;","                for (var i = 0; i < radioList.length; i++) {","                    if ((radioList[i].kind == radioKind)","                        && (radioList[i].state == Windows.Devices.Radios.RadioState.on)) {","                        isEnabled = true;","                        break;","                    }","                }","                successCallback(isEnabled);","            },","            function (error) {","                errorCallback(error);","            }","        );","    },","","    /**","     * Checks if camera is enabled.","     *","     * @param {Function} successCallback - The callback which will be called when diagnostic is successful. ","     * This callback function is passed a single boolean parameter with the diagnostic result.","     * @param {Function} errorCallback -  The callback which will be called when diagnostic encounters an error.","     *  This callback function is passed a single string parameter containing the error message.","     */","    // exec(win, fail, 'Diagnostic', 'isCameraAvailable', []);","    isCameraAvailable: function (successCallback, errorCallback) {","","        Windows.Devices.Enumeration.DeviceInformation.findAllAsync(Windows.Devices.Enumeration.DeviceClass.videoCapture).then(","            function (deviceList) {","                var isEnabled = false;","                for (var i = 0; i < deviceList.length; i++) {","                    if ((deviceList[i].enclosureLocation != null) && (deviceList[i].enclosureLocation.panel === Windows.Devices.Enumeration.Panel.back)) {","                        isEnabled = true;","                        break;","                    }","                }","                successCallback(isEnabled);","            },","            function (error) {","                errorCallback(error);","            }","        );","    },","","    /**","     * Display the location services settings page.","     */","    // exec(null, null, 'Diagnostic', 'switchToLocationSettings', []);","    switchToLocationSettings: function () {","","        var uri = new Windows.Foundation.Uri(\"ms-settings:privacy-location\");","        Windows.System.Launcher.launchUriAsync(uri);","    },","","    /**","     * Display the mobile data settings page.","     */","    // exec(null, null, 'Diagnostic', 'switchToMobileDataSettings', []);","    switchToMobileDataSettings: function () {","","        var uri = new Windows.Foundation.Uri(\"ms-settings:datausage\");","        Windows.System.Launcher.launchUriAsync(uri);","    },","","    /**","     * Display the wifi settings page.","     */","    // exec(null, null, 'Diagnostic', 'switchToWifiSettings', []);","    switchToWifiSettings: function () {","","        var uri = new Windows.Foundation.Uri(\"ms-settings-wifi:\");","        Windows.System.Launcher.launchUriAsync(uri);","    },","","    /**","     * Display the bluetooth settings page.","     */","    // exec(null, null, 'Diagnostic', 'switchToBluetoothSettings', []);","    switchToBluetoothSettings: function () {","","        // Mike says: According to the docs, \"ms-settings-bluetooth:\" is the correct URI to use","        // to take the user directly to the Bluetooth page in the mobile settings app, but as of 10/9/2015","        // it does not work (we just get back \"false\" in the success callback). So,","        // using the desktop settings URI until this gets fixed, which takes the user to the","        // \"which of these settings are you interested in?\" page.","        var uri = new Windows.Foundation.Uri(\"ms-settings:bluetooth\");","        Windows.System.Launcher.launchUriAsync(uri);","    },","","    /**","     * Enables/disables WiFi or Bluetooth on the device.","     *","     * @param {Function} successCallback - function to call on successful setting of radio state","     * @param {Function} errorCallback - function to call on failure to set radio state.","     * This callback function is passed a single string parameter containing the error message.","     * @param {String} radioToSet - \"bluetooth\" or \"wifi\".","     * @param {Boolean} state - WiFi state to set: TRUE for enabled, FALSE for disabled.","     */","    // exec(win, fil, 'Diagnostic', 'setRadioState', [bluetooth/wifi, true/false]);","    setRadioState: function (successCallback, errorCallback, args) {","","        var radioToSet = args[0];","        var state = args[1];","","        // Check the return code from Radio.requestAccessAsync() and Radio.setStateAsync() ","        // calls below, return \"Ok\" if successful, error message if not.","        function checkRadioAccessError(accessStatus) {","            var msgOut = \"\";","            switch (accessStatus) {","                case Windows.Devices.Radios.RadioAccessStatus.allowed:","                    msgOut = \"Ok\";","                    break;","                case Windows.Devices.Radios.RadioAccessStatus.deniedByUser:","                    msgOut = \"Access denied by user\";","                    break;","                case Windows.Devices.Radios.RadioAccessStatus.deniedBySystem:","                    msgOut = \"Access denied by system\";","                    break;","                case Windows.Devices.Radios.RadioAccessStatus.unspecified:","                default:","                    msgOut = \"Access denied, unspecified reason\";","                    break;","            }","            return (msgOut);","        }","","        // Get the requested radio","        var radioKind = (radioToSet == \"bluetooth\") ? Windows.Devices.Radios.RadioKind.bluetooth : Windows.Devices.Radios.RadioKind.wiFi;","        Windows.Devices.Radios.Radio.getRadiosAsync().done(","            function (radioList) {","                var radio = null;","                for (var i = 0; i < radioList.length; i++) {","                    if (radioList[i].kind == radioKind) {","                        radio = radioList[i];","                        break;","                    }","                }","                if (radio == null) {","                    errorCallback(\"Device not found\");","                    return;","                }","","                // Get access to the radio","                Windows.Devices.Radios.Radio.requestAccessAsync().done(","                    function (accessStatus) {","                        var resultMsg = checkRadioAccessError(accessStatus);","                        if (resultMsg != \"Ok\") {","                            errorCallback(resultMsg);","                            return;","                        }","","                        // Set the state of the radio","                        var radioState = (state) ? Windows.Devices.Radios.RadioState.on : Windows.Devices.Radios.RadioState.off;","                        radio.setStateAsync(radioState).done(","                            function (accessStatus) {","                                var resultMsg = checkRadioAccessError(accessStatus);","                                if (resultMsg == \"Ok\")","                                    successCallback();","                                else","                                    errorCallback(resultMsg);","                            },","                            function (error) {","                                errorCallback(error);","                            }","                        );","                    },","                    function (error) {","                        errorCallback(error);","                    }","                );","            },","            function (error) {","                errorCallback(error);","            }","        );","    }","});",""],"l":{"6":2,"19":0,"21":0,"22":0,"23":0,"25":0,"26":0,"28":0,"29":0,"31":0,"32":0,"34":0,"35":0,"37":0,"40":0,"57":0,"59":0,"60":0,"61":0,"62":0,"64":0,"65":0,"68":0,"71":0,"87":0,"89":0,"90":0,"91":0,"92":0,"93":0,"96":0,"99":0,"110":0,"111":0,"120":0,"121":0,"130":0,"131":0,"145":0,"146":0,"161":0,"162":0,"166":1,"167":0,"168":0,"170":0,"171":0,"173":0,"174":0,"176":0,"177":0,"180":0,"181":0,"183":0,"187":0,"188":0,"190":0,"191":0,"192":0,"193":0,"194":0,"197":0,"198":0,"199":0,"203":0,"205":0,"206":0,"207":0,"208":0,"212":0,"213":0,"215":0,"216":0,"217":0,"219":0,"222":0,"227":0,"232":0}},"/home/travis/build/npmtest/node-npmtest-cordova.plugins.diagnostic/node_modules/cordova.plugins.diagnostic/www/android/diagnostic.js":{"path":"/home/travis/build/npmtest/node-npmtest-cordova.plugins.diagnostic/node_modules/cordova.plugins.diagnostic/www/android/diagnostic.js","s":{"1":2,"2":2,"3":2,"4":2,"5":2,"6":2,"7":2,"8":2,"9":2,"10":2,"11":2,"12":2,"13":2,"14":2,"15":1,"16":0,"17":0,"18":0,"19":0,"20":0,"21":0,"22":0,"23":0,"24":0,"25":0,"26":1,"27":0,"28":0,"29":0,"30":0,"31":0,"32":0,"33":0,"34":1,"35":0,"36":0,"37":1,"38":2,"39":2,"40":2,"41":2,"42":2,"43":0,"44":0,"45":1,"46":0,"47":0,"48":0,"49":1,"50":2,"51":2,"52":18,"53":18,"54":48,"55":1,"56":0,"57":0,"58":0,"59":0,"60":0,"61":0,"62":0,"63":0,"64":0,"65":1,"66":0,"67":0,"68":0,"69":0,"70":0,"71":0,"72":0,"73":0,"74":0,"75":1,"76":0,"77":0,"78":1,"79":0,"80":0,"81":0,"82":0,"83":2,"84":0,"85":2,"86":0,"87":0,"88":1,"89":0,"90":0,"91":2,"92":0,"93":0,"94":1,"95":0,"96":0,"97":0,"98":0,"99":2,"100":0,"101":0,"102":0,"103":0,"104":1,"105":0,"106":0,"107":0,"108":0,"109":0,"110":0,"111":0,"112":1,"113":0,"114":0,"115":0,"116":0,"117":2,"118":0,"119":0,"120":0,"121":0,"122":1,"123":0,"124":0,"125":0,"126":0,"127":0,"128":0,"129":1,"130":0,"131":0,"132":0,"133":0,"134":2,"135":0,"136":2,"137":0,"138":2,"139":0,"140":2,"141":0,"142":2,"143":0,"144":2,"145":0,"146":2,"147":0,"148":2,"149":0,"150":2,"151":0,"152":2,"153":0,"154":2,"155":1,"156":0,"157":0,"158":2,"159":1,"160":0,"161":0,"162":2,"163":1,"164":0,"165":0,"166":2,"167":0,"168":2,"169":0,"170":2,"171":0,"172":2,"173":0,"174":2,"175":0,"176":2,"177":0,"178":2,"179":0,"180":0,"181":0,"182":0,"183":0,"184":0,"185":0,"186":0,"187":0,"188":2,"189":0,"190":2,"191":0,"192":0,"193":0,"194":0,"195":0,"196":0,"197":0,"198":0,"199":0,"200":0,"201":0,"202":2,"203":0,"204":0,"205":0,"206":0,"207":0,"208":0,"209":0,"210":0,"211":0,"212":0,"213":0,"214":2,"215":0,"216":0,"217":0,"218":0,"219":0,"220":0,"221":0,"222":0,"223":2,"224":0,"225":2,"226":0,"227":2,"228":1,"229":0,"230":0,"231":2,"232":0,"233":2,"234":0,"235":2,"236":0,"237":2,"238":0,"239":2,"240":0,"241":2,"242":0,"243":0,"244":2,"245":0,"246":2,"247":0,"248":2,"249":0,"250":2,"251":0,"252":2,"253":0,"254":2,"255":0,"256":2,"257":1,"258":0,"259":0,"260":2,"261":0,"262":2,"263":0,"264":2,"265":1,"266":0,"267":0,"268":2,"269":0,"270":2,"271":0,"272":2,"273":1,"274":0,"275":0,"276":2,"277":0,"278":2,"279":0,"280":2,"281":0,"282":2,"283":0,"284":2,"285":0,"286":2,"287":0,"288":2,"289":0,"290":2},"b":{"1":[0,0],"2":[0,0],"3":[0,0],"4":[0,0],"5":[2,0],"6":[0,0],"7":[0,0],"8":[0,0],"9":[0,0],"10":[0,0],"11":[0,0],"12":[0,0],"13":[0,0],"14":[0,0],"15":[0,0],"16":[0,0],"17":[0,0],"18":[0,0],"19":[0,0],"20":[0,0],"21":[0,0],"22":[0,0],"23":[0,0],"24":[0,0],"25":[0,0],"26":[0,0],"27":[0,0],"28":[0,0],"29":[0,0],"30":[0,0],"31":[0,0],"32":[0,0],"33":[0,0],"34":[0,0],"35":[0,0],"36":[0,0],"37":[0,0],"38":[0,0],"39":[0,0],"40":[0,0],"41":[0,0],"42":[0,0],"43":[0,0],"44":[0,0],"45":[0,0],"46":[0,0],"47":[0,0]},"f":{"1":2,"2":0,"3":0,"4":0,"5":0,"6":0,"7":0,"8":0,"9":2,"10":0,"11":2,"12":0,"13":0,"14":0,"15":0,"16":0,"17":0,"18":0,"19":0,"20":0,"21":0,"22":0,"23":0,"24":0,"25":0,"26":0,"27":0,"28":0,"29":0,"30":0,"31":0,"32":0,"33":0,"34":0,"35":0,"36":0,"37":0,"38":0,"39":0,"40":0,"41":0,"42":0,"43":0,"44":0,"45":0,"46":0,"47":0,"48":0,"49":0,"50":0,"51":0,"52":0,"53":0,"54":0,"55":0,"56":0,"57":0,"58":0,"59":0,"60":0,"61":0,"62":0,"63":0,"64":0,"65":0,"66":0,"67":0,"68":0,"69":0,"70":0,"71":0,"72":0,"73":0,"74":0,"75":0,"76":0,"77":0,"78":0,"79":0,"80":0,"81":0,"82":0,"83":0,"84":0,"85":0,"86":0,"87":0,"88":0,"89":0,"90":0,"91":0,"92":0,"93":0,"94":0,"95":0,"96":0,"97":0,"98":0,"99":0},"fnMap":{"1":{"name":"(anonymous_1)","line":7,"loc":{"start":{"line":7,"column":18},"end":{"line":7,"column":28}}},"2":{"name":"(anonymous_2)","line":33,"loc":{"start":{"line":33,"column":58},"end":{"line":33,"column":68}}},"3":{"name":"checkForInvalidPermissions","line":130,"loc":{"start":{"line":130,"column":4},"end":{"line":130,"column":67}}},"4":{"name":"(anonymous_4)","line":133,"loc":{"start":{"line":133,"column":28},"end":{"line":133,"column":48}}},"5":{"name":"updateFirstRequestedPermissions","line":151,"loc":{"start":{"line":151,"column":4},"end":{"line":151,"column":57}}},"6":{"name":"(anonymous_6)","line":154,"loc":{"start":{"line":154,"column":28},"end":{"line":154,"column":48}}},"7":{"name":"(anonymous_7)","line":160,"loc":{"start":{"line":160,"column":55},"end":{"line":160,"column":75}}},"8":{"name":"setPermissionFirstRequested","line":168,"loc":{"start":{"line":168,"column":4},"end":{"line":168,"column":52}}},"9":{"name":"getFirstRequestedPermissions","line":173,"loc":{"start":{"line":173,"column":4},"end":{"line":173,"column":43}}},"10":{"name":"resolveStatus","line":186,"loc":{"start":{"line":186,"column":4},"end":{"line":186,"column":46}}},"11":{"name":"buildRuntimeGroupsMap","line":193,"loc":{"start":{"line":193,"column":4},"end":{"line":193,"column":36}}},"12":{"name":"combineLocationStatuses","line":203,"loc":{"start":{"line":203,"column":4},"end":{"line":203,"column":46}}},"13":{"name":"combineCameraStatuses","line":220,"loc":{"start":{"line":220,"column":4},"end":{"line":220,"column":44}}},"14":{"name":"ensureBoolean","line":237,"loc":{"start":{"line":237,"column":4},"end":{"line":237,"column":36}}},"15":{"name":"(anonymous_15)","line":238,"loc":{"start":{"line":238,"column":15},"end":{"line":238,"column":31}}},"16":{"name":"numberOfKeys","line":243,"loc":{"start":{"line":243,"column":4},"end":{"line":243,"column":30}}},"17":{"name":"(anonymous_17)","line":270,"loc":{"start":{"line":270,"column":34},"end":{"line":270,"column":75}}},"18":{"name":"(anonymous_18)","line":288,"loc":{"start":{"line":288,"column":50},"end":{"line":288,"column":102}}},"19":{"name":"onSuccess","line":291,"loc":{"start":{"line":291,"column":8},"end":{"line":291,"column":34}}},"20":{"name":"(anonymous_20)","line":313,"loc":{"start":{"line":313,"column":51},"end":{"line":313,"column":104}}},"21":{"name":"onSuccess","line":316,"loc":{"start":{"line":316,"column":8},"end":{"line":316,"column":36}}},"22":{"name":"(anonymous_22)","line":342,"loc":{"start":{"line":342,"column":42},"end":{"line":342,"column":95}}},"23":{"name":"onSuccess","line":349,"loc":{"start":{"line":349,"column":8},"end":{"line":349,"column":34}}},"24":{"name":"onError","line":359,"loc":{"start":{"line":359,"column":8},"end":{"line":359,"column":31}}},"25":{"name":"(anonymous_25)","line":383,"loc":{"start":{"line":383,"column":43},"end":{"line":383,"column":96}}},"26":{"name":"onSuccess","line":390,"loc":{"start":{"line":390,"column":8},"end":{"line":390,"column":36}}},"27":{"name":"onError","line":400,"loc":{"s
[...]
h) notifications are enabled.","     * @param {Function} errorCallback -  The callback which will be called when operation encounters an error.","     * This callback function is passed a single string parameter containing the error message.","     */","    Diagnostic.isRemoteNotificationsEnabled = function(successCallback, errorCallback) {","        return cordova.exec(ensureBoolean(successCallback),","            errorCallback,","            'Diagnostic',","            'isRemoteNotificationsEnabled',","            []);","    };","","    /**","     * Indicates the current setting of notification types for the app in the Settings app.","     * Note: on iOS 8+, if \"Allow Notifications\" switch is OFF, all types will be returned as disabled.","     *","     * @param {Function} successCallback - The callback which will be called when operation is successful.","     * This callback function is passed a single object parameter where the key is the notification type and the value is a boolean indicating whether it's enabled:","     * \"alert\" => alert style is not set to \"None\" (i.e. \"Banners\" or \"Alerts\");","     * \"badge\" => \"Badge App Icon\" switch is ON;","     * \"sound\" => \"Sounds\"/\"Alert Sound\" switch is ON.","     * @param {Function} errorCallback -  The callback which will be called when operation encounters an error.","     * This callback function is passed a single string parameter containing the error message.","     */","    Diagnostic.getRemoteNotificationTypes = function(successCallback, errorCallback) {","        return cordova.exec(function(sTypes){","                var oTypes = JSON.parse(sTypes);","                for(var type in oTypes){","                    oTypes[type] = parseInt(oTypes[type]) === 1 ;","                }","                successCallback(oTypes);","            },","            errorCallback,","            'Diagnostic',","            'getRemoteNotificationTypes',","            []);","    };","","    /**","     * Indicates if the app is registered for remote notifications on the device.","     * On iOS 8+, returns true if the app is registered for remote notifications and received its device token,","     * or false if registration has not occurred, has failed, or has been denied by the user.","     * Note that user preferences for notifications in the Settings app will not affect this.","     * On iOS <=7, returns true if app is registered for remote notifications AND alert style is not set to \"None\" (i.e. \"Banners\" or \"Alerts\") - same as isRemoteNotificationsEnabled().","     *","     * @param {Function} successCallback - The callback which will be called when operation is successful.","     * This callback function is passed a single boolean parameter which is TRUE if the device is registered for remote (push) notifications.","     * @param {Function} errorCallback -  The callback which will be called when operation encounters an error.","     * This callback function is passed a single string parameter containing the error message.","     */","    Diagnostic.isRegisteredForRemoteNotifications = function(successCallback, errorCallback) {","        return cordova.exec(ensureBoolean(successCallback),","            errorCallback,","            'Diagnostic',","            'isRegisteredForRemoteNotifications',","            []);","    };","","    /*************","     * Contacts","     *************/","","    /**","     * Checks if the application is authorized to use contacts (address book).","     *","     * @param {Function} successCallback - The callback which will be called when operation is successful.","     * This callback function is passed a single boolean parameter which is TRUE if contacts is authorized for use.","     * @param {Function} errorCallback -  The callback which will be called when operation encounters an error.","     * This callback function is passed a single string parameter containing the error message.","     */","    Diagnostic.isContactsAuthorized = function(successCallback, errorCallback) {","        return cordova.exec(ensureBoolean(successCallback),","            errorCallback,","            'Diagnostic',","            'isAddressBookAuthorized',","            []);","    };","","    /**","     * Returns the contacts (address book) authorization status for the application.","     *","     * @param {Function} successCallback - The callback which will be called when operation is successful.","     * This callback function is passed a single string parameter which indicates the authorization status as a constant in `cordova.plugins.diagnostic.permissionStatus`.","     * @param {Function} errorCallback -  The callback which will be called when operation encounters an error.","     * This callback function is passed a single string parameter containing the error message.","     */","    Diagnostic.getContactsAuthorizationStatus = function(successCallback, errorCallback) {","        return cordova.exec(successCallback,","            errorCallback,","            'Diagnostic',","            'getAddressBookAuthorizationStatus',","            []);","    };","","    /**","     * Requests contacts (address book) authorization for the application.","     * Should only be called if authorization status is NOT_REQUESTED. Calling it when in any other state will have no effect.","     *","     * @param {Function} successCallback - The callback which will be called when operation is successful.","     * This callback function is passed a single string parameter indicating whether access to contacts was granted or denied:","     * `cordova.plugins.diagnostic.permissionStatus.GRANTED` or `cordova.plugins.diagnostic.permissionStatus.DENIED`","     * @param {Function} errorCallback -  The callback which will be called when operation encounters an error.","     * This callback function is passed a single string parameter containing the error message.","     */","    Diagnostic.requestContactsAuthorization = function(successCallback, errorCallback) {","        return cordova.exec(function(isGranted){","                successCallback(isGranted ? Diagnostic.permissionStatus.GRANTED : Diagnostic.permissionStatus.DENIED);","            },","            errorCallback,","            'Diagnostic',","            'requestAddressBookAuthorization',","            []);","    };","","    /*****************","     * Calendar events","     *****************/","","    /**","     * Checks if the application is authorized to use calendar.","     *","     * @param {Function} successCallback - The callback which will be called when operation is successful.","     * This callback function is passed a single boolean parameter which is TRUE if calendar is authorized for use.","     * @param {Function} errorCallback -  The callback which will be called when operation encounters an error.","     * This callback function is passed a single string parameter containing the error message.","     */","    Diagnostic.isCalendarAuthorized = function(successCallback, errorCallback) {","        return cordova.exec(ensureBoolean(successCallback),","            errorCallback,","            'Diagnostic',","            'isCalendarAuthorized',","            []);","    };","","    /**","     * Returns the calendar event authorization status for the application.","     *","     * @param {Function} successCallback - The callback which will be called when operation is successful.","     * This callback function is passed a single string parameter which indicates the authorization status as a constant in `cordova.plugins.diagnostic.permissionStatus`.","     * @param {Function} errorCallback -  The callback which will be called when operation encounters an error.","     * This callback function is passed a single string parameter containing the error message.","     */","    Diagnostic.getCalendarAuthorizationStatus = function(successCallback, errorCallback) {","        return cordova.exec(successCallback,","            errorCallback,","            'Diagnostic',","            'getCalendarAuthorizationStatus',","            []);","    };","","    /**","     * Requests calendar event authorization for the application.","     * Should only be called if authorization status is NOT_REQUESTED. Calling it when in any other state will have no effect.","     *","     * @param {Function} successCallback - The callback which will be called when operation is successful.","     * This callback function is passed a single string parameter indicating whether access to calendar was granted or denied:","     * `cordova.plugins.diagnostic.permissionStatus.GRANTED` or `cordova.plugins.diagnostic.permissionStatus.DENIED`","     * @param {Function} errorCallback -  The callback which will be called when operation encounters an error.","     * This callback function is passed a single string parameter containing the error message.","     */","    Diagnostic.requestCalendarAuthorization = function(successCallback, errorCallback) {","        return cordova.exec(function(isGranted){","                successCallback(isGranted ? Diagnostic.permissionStatus.GRANTED : Diagnostic.permissionStatus.DENIED);","            },","            errorCallback,","            'Diagnostic',","            'requestCalendarAuthorization',","            []);","    };","","    /*********************","     * Calendar reminders","     *********************/","","    /**","     * Checks if the application is authorized to use calendar reminders.","     *","     * @param {Function} successCallback - The callback which will be called when operation is successful.","     * This callback function is passed a single boolean parameter which is TRUE if reminders is authorized for use.","     * @param {Function} errorCallback -  The callback which will be called when operation encounters an error.","     * This callback function is passed a single string parameter containing the error message.","     */","    Diagnostic.isRemindersAuthorized = function(successCallback, errorCallback) {","        return cordova.exec(ensureBoolean(successCallback),","            errorCallback,","            'Diagnostic',","            'isRemindersAuthorized',","            []);","    };","","    /**","     * Returns the calendar event authorization status for the application.","     *","     * @param {Function} successCallback - The callback which will be called when operation is successful.","     * This callback function is passed a single string parameter which indicates the authorization status as a constant in `cordova.plugins.diagnostic.permissionStatus`.","     * @param {Function} errorCallback -  The callback which will be called when operation encounters an error.","     * This callback function is passed a single string parameter containing the error message.","     */","    Diagnostic.getRemindersAuthorizationStatus = function(successCallback, errorCallback) {","        return cordova.exec(successCallback,","            errorCallback,","            'Diagnostic',","            'getRemindersAuthorizationStatus',","            []);","    };","","    /**","     * Requests calendar reminders authorization for the application.","     * Should only be called if authorization status is NOT_REQUESTED. Calling it when in any other state will have no effect.","     *","     * @param {Function} successCallback - The callback which will be called when operation is successful.","     * This callback function is passed a single string parameter indicating whether access to reminders was granted or denied:","     * `cordova.plugins.diagnostic.permissionStatus.GRANTED` or `cordova.plugins.diagnostic.permissionStatus.DENIED`","     * @param {Function} errorCallback -  The callback which will be called when operation encounters an error.","     * This callback function is passed a single string parameter containing the error message.","     */","    Diagnostic.requestRemindersAuthorization = function(successCallback, errorCallback) {","        return cordova.exec(function(isGranted){","                successCallback(isGranted ? Diagnostic.permissionStatus.GRANTED : Diagnostic.permissionStatus.DENIED);","            },","            errorCallback,","            'Diagnostic',","            'requestRemindersAuthorization',","            []);","    };","","    /*********************","     * Background refresh","     *********************/","","    /**","     * Returns the background refresh authorization status for the application.","     *","     * @param {Function} successCallback - The callback which will be called when operation is successful.","     * This callback function is passed a single string parameter which indicates the authorization status as a constant in `cordova.plugins.diagnostic.permissionStatus`.","     * @param {Function} errorCallback -  The callback which will be called when operation encounters an error.","     * This callback function is passed a single string parameter containing the error message.","     */","    Diagnostic.getBackgroundRefreshStatus = function(successCallback, errorCallback) {","        return cordova.exec(successCallback,","            errorCallback,","            'Diagnostic',","            'getBackgroundRefreshStatus',","            []);","    };","","    /**","     * Checks if the application is authorized for background refresh.","     *","     * @param {Function} successCallback - The callback which will be called when operation is successful.","     * This callback function is passed a single boolean parameter which is TRUE if background refresh is authorized for use.","     * @param {Function} errorCallback -  The callback which will be called when operation encounters an error.","     * This callback function is passed a single string parameter containing the error message.","     */","    Diagnostic.isBackgroundRefreshAuthorized = function(successCallback, errorCallback) {","        Diagnostic.getBackgroundRefreshStatus(function(status){","            successCallback(status === Diagnostic.permissionStatus.GRANTED);","        }, errorCallback);","    };","","    /*************","     * Motion","     *************/","","    /**","     * Checks if motion tracking is available on the current device.","     *","     * @param {Function} successCallback - The callback which will be called when operation is successful.","     * This callback function is passed a single boolean parameter which is TRUE if motion tracking is available on the current device.","     * @param {Function} errorCallback -  The callback which will be called when operation encounters an error.","     * This callback function is passed a single string parameter containing the error message.","     */","    Diagnostic.isMotionAvailable = function(successCallback, errorCallback) {","        return cordova.exec(ensureBoolean(successCallback),","            errorCallback,","            'Diagnostic',","            'isMotionAvailable',","            []);","    };","","    /**","     * Checks if it's possible to determine the outcome of a motion authorization request on the current device.","     * There's no direct way to determine if authorization was granted or denied, so the Pedometer API must be used to indirectly determine this:","     * therefore, if the device supports motion tracking but not Pedometer Event Tracking, the outcome of requesting motion detection cannot be determined.","     *","     * @param {Function} successCallback - The callback which will be called when operation is successful.","     * This callback function is passed a single boolean parameter which is TRUE if it's possible to determine the outcome of a motion authorization request on the current device.","     * @param {Function} errorCallback -  The callback which will be called when operation encounters an error.","     * This callback function is passed a single string parameter containing the error message.","     */","    Diagnostic.isMotionRequestOutcomeAvailable = function(successCallback, errorCallback) {","        return cordova.exec(ensureBoolean(successCallback),","            errorCallback,","            'Diagnostic',","            'isMotionRequestOutcomeAvailable',","            []);","    };","","    /**","     * Requests and checks motion authorization for the application:","     * there is no way to independently request only or check only, so both must be done in one operation.","     * The native dialog asking user's consent can only be invoked once after the app is installed by calling this function:","     * once the user has either allowed or denied access, this function will only return the current authorization status","     * - it is not possible to re-invoke the dialog if the user denied permission in the native dialog;","     * in this case, you will have to instruct the user how to change motion authorization manually via the Settings app.","     * When calling this function, the message contained in the `NSMotionUsageDescription` .plist key is displayed to the user;","     * this plugin provides a default message, but you should override this with your specific reason for requesting access.","     * If the device doesn't support motion detection, the error callback will be invoked.","     * There's no direct way to determine if authorization was granted or denied, so the Pedometer API must be used to indirectly determine this:","     * therefore, if the device supports motion tracking but not Pedometer Event Tracking, the outcome of requesting motion detection cannot be determined.","     *","     * @param {Function} successCallback - The callback which will be called when operation is successful.","     * This callback function is passed a single string parameter indicating the result:","     * - `cordova.plugins.diagnostic.permissionStatus.GRANTED` - user granted motion authorization","     * - `cordova.plugins.diagnostic.permissionStatus.DENIED` - user denied authorization","     * - `cordova.plugins.diagnostic.permissionStatus.RESTRICTED` - user cannot grant motion authorization","     * - `cordova.plugins.diagnostic.permissionStatus.NOT_DETERMINED` - device does not support Pedometer Event Tracking, so authorization outcome cannot be determined.","     * - {Function} errorCallback - The callback which will be called when an error occurs. This callback function is passed a single string parameter containing the error message.","     * @param {Function} errorCallback -  The callback which will be called when operation encounters an error.","     * This callback function is passed a single string parameter containing the error message.","     */","    Diagnostic.requestAndCheckMotionAuthorization = function(successCallback, errorCallback) {","        return cordova.exec(","            successCallback,","            errorCallback,","            'Diagnostic',","            'requestAndCheckMotionAuthorization',","            []);","    };","","    return Diagnostic;","})();","module.exports = Diagnostic;",""],"l":{"7":1,"13":1,"14":0,"15":0,"24":1,"30":1,"38":1,"43":1,"53":1,"74":1,"75":0,"97":1,"98":0,"114":1,"115":0,"131":1,"132":0,"153":1,"154":0,"177":1,"178":0,"196":1,"197":0,"214":1,"215":0,"216":0,"217":0,"218":0,"224":0,"225":0,"240":1,"241":0,"258":1,"259":0,"260":0,"261":0,"262":0,"268":0,"284":1,"285":0,"286":0,"287":0,"288":0,"294":0,"312":1,"313":0,"314":0,"315":0,"316":0,"322":0,"323":0,"324":0,"340":1,"341":0,"356":1,"357":0,"374":1,"375":0,"376":0,"397":1,"398":0,"414":1,"415":0,"434":1,"435":0,"450":1,"451":0,"468":1,"469":0,"481":1,"482":0,"502":1,"503":0,"518":1,"519":0,"536":1,"537":0,"538":0,"560":1,"561":0,"580":1,"581":0,"582":0,"583":0,"584":0,"586":0,"606":1,"607":0,"626":1,"627":0,"642":1,"643":0,"660":1,"661":0,"662":0,"682":1,"683":0,"698":1,"699":0,"716":1,"717":0,"718":0,"738":1,"739":0,"754":1,"755":0,"772":1,"773":0,"774":0,"794":1,"795":0,"810":1,"811":0,"812":0,"828":1,"829":0,"846":1,"847":0,"877":1,"878":0,"886":1,"888":1}}}